start game at0
start game at0
Start game at2024/4/20 23:35:58
Start game at2024/4/20 23:42:55
Start game at2024/4/21 0:16:57
Start game at2024/4/21 0:17:19
Start game at2024/4/21 0:41:18
Start game at2024/4/21 0:42:54
Start game at2024/4/21 0:48:06
Start game at2024/4/21 0:48:17
Start game at2024/4/21 0:49:55
Start game at2024/4/21 0:50:15
Start game at2024/4/21 0:54:30
Start game at2024/4/21 1:34:28
Start game at2024/4/21 1:40:00
Start game at2024/4/21 1:40:35
Start game at2024/4/21 1:41:11
Start game at2024/4/21 1:45:08
Start game at2024/4/21 1:49:27
Start game at2024/4/21 1:50:25
Start game at2024/4/21 2:04:00
Start game at2024/4/21 2:06:03
Start game at2024/4/21 2:07:39
Start game at2024/4/21 15:08:21
Start game at2024/4/21 15:34:44
Start game at2024/4/21 15:44:05
Start game at2024/4/21 15:47:14
Start game at2024/4/21 15:47:30
Start game at2024/4/21 15:48:11
Start game at2024/4/21 15:49:25
Start game at2024/4/21 15:49:42
Start game at2024/4/21 15:53:30
Start game at2024/4/21 15:58:16
Start game at2024/4/21 16:18:45
Start game at2024/4/21 16:19:12
Start game at2024/4/21 16:21:21
Start game at2024/4/21 16:22:04
Start game at2024/4/21 16:23:03
Start game at2024/4/21 16:23:25
Start game at2024/4/21 16:25:06
Start game at2024/4/21 16:26:19
Start game at2024/4/21 16:31:07
Start game at2024/4/21 16:31:14
Start game at2024/4/21 16:33:43
Start game at2024/4/21 16:35:49
Start game at2024/4/21 16:36:07
Start game at2024/4/21 16:40:18
Start game at2024/4/21 16:42:14
Start game at2024/4/21 16:42:24
Start game at2024/4/21 16:55:23
Start game at2024/4/21 16:57:50
Start game at2024/4/21 17:04:32
Start game at2024/4/21 20:15:01
Start game at2024/4/21 20:16:15
Start game at2024/4/21 20:17:10
Start game at2024/4/21 20:22:37
Start game at2024/4/21 20:23:16
Start game at2024/4/21 20:24:52
Start game at2024/4/21 20:27:32
Start game at2024/4/21 20:28:59
Start game at2024/4/21 20:30:42
Start game at2024/4/21 20:33:37
Start game at2024/4/21 20:35:09
Start game at2024/4/21 20:40:04
Start game at2024/4/21 20:42:21
Start game at2024/4/21 20:44:46
Start game at2024/4/21 20:46:54
Start game at2024/4/21 20:50:44
Start game at2024/4/21 20:53:10
Start game at2024/4/21 21:11:18
Start game at2024/4/21 21:14:29
Start game at2024/4/21 21:18:35
Start game at2024/4/21 21:18:57
Start game at2024/4/21 21:19:32
Start game at2024/4/21 21:23:39
Start game at2024/4/21 21:26:53
Start game at2024/4/21 21:28:46
Start game at2024/4/21 21:46:54
Start game at2024/4/21 23:20:57
Start game at2024/4/22 12:44:00
Start game at2024/4/22 15:23:18
Start game at2024/4/22 15:23:38
fail to load data
Start game at2024/4/22 15:24:14
fail to load data
Start game at2024/4/22 15:30:00
Start game at2024/4/22 15:31:46
Start game at2024/4/22 15:31:47
Start game at2024/4/22 15:31:50
Start game at2024/4/22 18:16:35
Start game at2024/4/22 18:17:52
Start game at2024/4/22 18:54:38
Start game at2024/4/22 19:17:33
Start game at2024/4/22 19:28:22
Start game at2024/4/22 20:03:21
Start game at2024/4/22 20:05:58
Start game at2024/4/22 20:08:36
Start game at2024/4/22 20:13:51
Start game at2024/4/22 20:15:48
Start game at2024/4/22 20:25:31
Start game at2024/4/22 20:29:57
Start game at2024/4/22 20:33:19
Start game at2024/4/22 20:40:03
Start game at2024/4/22 20:43:42
Start game at2024/4/22 20:45:53
Start game at2024/4/22 20:49:24
Start game at2024/4/22 20:49:38
Start game at2024/4/22 20:49:50
Start game at2024/4/22 20:50:23
Start game at2024/4/22 20:50:43
Start game at2024/4/22 20:53:21
Start game at2024/4/22 20:54:37
Start game at2024/4/22 21:01:24
Start game at2024/4/22 21:18:51
Start game at2024/4/22 21:21:10
Start game at2024/4/22 21:30:09
Start game at2024/4/22 21:32:17
Start game at2024/4/22 21:33:35
Start game at2024/4/22 21:35:13
Start game at2024/4/22 21:36:15
Start game at2024/4/22 21:40:59
Start game at2024/4/22 21:42:03
Start game at2024/4/22 21:42:43
Start game at2024/4/22 21:52:48
Start game at2024/4/22 22:01:23
Start game at2024/4/22 22:02:58
Start game at2024/4/22 22:09:24
Start game at2024/4/22 22:10:17
Start game at2024/4/22 23:12:03
Start game at2024/4/22 23:15:47
Start game at2024/4/22 23:15:56
Start game at2024/4/22 23:19:10
Start game at2024/4/22 23:26:17
Start game at2024/4/22 23:31:19
Start game at2024/4/22 23:31:44
Start game at2024/4/22 23:53:09
Start game at2024/4/22 23:53:21
Start game at2024/4/24 14:17:23
Start game at2024/4/24 14:26:12
Start game at2024/4/24 14:26:35
Start game at2024/4/24 14:27:10
Start game at2024/4/24 14:28:36
Start game at2024/4/24 14:30:11
Start game at2024/4/24 14:31:22
Start game at2024/4/24 14:32:36
Start game at2024/4/24 14:52:23
Start game at2024/4/24 14:53:42
Start game at2024/4/24 14:56:18
Start game at2024/4/24 14:57:43
Start game at2024/4/24 15:19:00
Start game at2024/4/24 15:25:31
Start game at2024/4/24 15:30:11
Start game at2024/4/24 15:35:30
Start game at2024/4/24 15:55:32
Start game at2024/4/24 15:58:16
Start game at2024/4/24 22:25:38
Start game at2024/4/24 22:26:08
Start game at2024/4/24 22:32:20
Start game at2024/4/24 22:33:23
Start game at2024/4/24 22:33:54
Start game at2024/4/24 22:36:10
Start game at2024/4/24 22:36:33
Start game at2024/4/24 22:38:58
Start game at2024/4/24 22:39:25
Start game at2024/4/24 22:40:35
Start game at2024/4/24 22:47:42
Start game at2024/4/24 22:49:42
Start game at2024/4/24 22:51:41
Start game at2024/4/24 22:52:15
Start game at2024/4/24 22:52:32
Start game at2024/4/24 22:52:49
Start game at2024/4/24 22:54:20
Start game at2024/4/24 23:30:16
Start game at2024/4/24 23:41:32
Start game at2024/4/24 23:43:29
Start game at2024/4/24 23:52:04
Start game at2024/4/24 23:55:42
Start game at2024/4/24 23:57:35
Start game at2024/4/25 20:35:16
Start game at2024/4/25 20:36:31
Start game at2024/4/25 20:42:10
Start game at2024/4/25 20:43:28
Start game at2024/4/25 20:46:06
Start game at2024/4/25 20:47:15
Start game at2024/4/25 20:47:34
Start game at2024/4/25 20:48:04
Start game at2024/4/25 20:49:52
Start game at2024/4/25 20:49:58
Start game at2024/4/25 20:53:12
Start game at2024/4/25 20:55:01
Start game at2024/4/25 21:01:23
Start game at2024/4/25 22:07:11
Start game at2024/4/25 22:10:36
Start game at2024/4/25 22:11:47
Start game at2024/4/25 22:12:51
Start game at2024/4/25 22:13:02
Start game at2024/4/25 22:13:58
Start game at2024/4/25 22:14:48
Start game at2024/4/25 22:15:33
Start game at2024/4/25 22:16:53
Start game at2024/4/25 22:17:22
Start game at2024/4/25 22:17:58
Start game at2024/4/25 22:18:54
Start game at2024/4/25 22:19:13
Start game at2024/4/25 22:21:02
Start game at2024/4/25 22:21:49
Start game at2024/4/25 22:22:45
Start game at2024/4/25 22:26:08
Start game at2024/4/25 22:26:33
Start game at2024/4/25 22:42:44
Start game at2024/4/25 22:44:31
Start game at2024/4/25 22:45:28
Start game at2024/4/25 22:46:50
Start game at2024/4/25 22:51:47
Start game at2024/4/25 22:52:09
Start game at2024/4/25 22:56:33
Start game at2024/4/25 22:56:44
Start game at2024/4/25 22:56:58
Start game at2024/4/25 22:57:36
Start game at2024/4/27 16:00:40
Start game at2024/4/27 16:02:13
Start game at2024/4/27 16:03:08
Start game at2024/4/27 16:07:29
Start game at2024/4/27 16:58:09
Start game at2024/4/27 18:20:32
Start game at2024/4/27 18:32:12
Start game at2024/4/27 18:34:32
Start game at2024/4/27 18:35:36
Start game at2024/4/27 18:40:31
Start game at2024/4/27 18:44:41
Start game at2024/4/27 18:48:09
Start game at2024/4/27 18:51:29
Start game at2024/4/27 18:54:14
Start game at2024/4/27 18:58:57
Start game at2024/4/27 19:01:10
Start game at2024/4/27 20:10:54
Start game at2024/4/27 20:14:03
Start game at2024/4/27 20:21:09
Start game at2024/4/27 20:34:35
Start game at2024/4/27 20:36:07
Start game at2024/4/27 20:52:17
Start game at2024/4/27 21:01:26
Start game at2024/4/27 21:02:32
Start game at2024/4/28 0:07:40
Start game at2024/4/28 0:23:33
Start game at2024/4/28 0:28:38
Start game at2024/4/28 0:29:17
Start game at2024/4/28 0:31:44
Start game at2024/4/28 0:34:03
Start game at2024/4/28 14:28:09
Start game at2024/4/28 14:42:15
Start game at2024/4/28 14:44:27
Start game at2024/4/28 15:25:13
Start game at2024/4/28 15:28:04
Start game at2024/4/28 15:30:59
Start game at2024/4/28 15:34:54
Start game at2024/4/28 15:37:34
Start game at2024/4/28 15:39:03
Start game at2024/4/28 15:43:05
Start game at2024/4/28 16:10:50
Start game at2024/4/28 18:01:15
Start game at2024/4/28 18:02:03
Start game at2024/4/28 18:04:13
Start game at2024/4/28 18:08:32
Start game at2024/4/28 18:50:30
Start game at2024/4/28 18:54:03
Start game at2024/4/28 19:11:26
Start game at2024/4/28 19:12:02
Start game at2024/4/28 19:16:13
Start game at2024/4/28 19:31:20
Start game at2024/4/28 19:31:54
Start game at2024/4/28 19:34:06
Start game at2024/4/28 19:35:37
Start game at2024/4/28 19:36:13
Start game at2024/4/28 19:37:49
Start game at2024/4/28 19:43:53
Start game at2024/4/28 19:44:43
Start game at2024/4/28 19:45:39
Start game at2024/4/28 19:45:53
Start game at2024/4/28 19:50:36
Start game at2024/4/28 19:52:09
Start game at2024/4/28 19:52:21
Start game at2024/4/28 19:53:52
Start game at2024/4/28 19:56:20
Start game at2024/4/28 20:09:10
Start game at2024/4/28 20:11:12
Start game at2024/4/28 20:14:37
Start game at2024/4/28 20:16:01
Start game at2024/4/28 20:16:48
Start game at2024/4/28 20:22:52
Start game at2024/4/28 20:26:32
Start game at2024/4/28 20:27:47
Start game at2024/4/28 20:32:15
Start game at2024/4/28 20:49:16
Start game at2024/4/28 20:57:35
Start game at2024/4/28 21:03:10
Start game at2024/4/28 21:06:14
Start game at2024/4/28 21:06:22
Start game at2024/4/28 21:06:41
Start game at2024/4/28 21:30:20
Start game at2024/4/28 21:30:42
Start game at2024/4/28 21:30:58
Start game at2024/4/28 21:56:45
Start game at2024/4/28 22:23:44
Start game at2024/4/28 22:23:54
Start game at2024/4/28 22:24:18
Start game at2024/4/28 22:24:30
Start game at2024/4/28 22:31:16
Start game at2024/4/28 23:22:02
Start game at2024/4/28 23:45:10
Start game at2024/4/28 23:50:04
Start game at2024/4/28 23:51:14
Start game at2024/4/28 23:52:03
Start game at2024/4/29 0:49:12
Start game at2024/4/29 0:49:26
Start game at2024/4/29 0:50:36
Start game at2024/4/29 0:52:20
Start game at2024/4/29 0:54:26
Start game at2024/4/29 0:55:49
Start game at2024/4/29 0:56:31
Start game at2024/4/29 0:57:00
Start game at2024/4/29 16:49:58
Start game at2024/4/29 19:20:02
Start game at2024/4/29 19:21:21
Start game at2024/4/29 19:22:27
Start game at2024/4/29 19:24:14
Start game at2024/4/29 19:25:11
Start game at2024/4/29 19:25:47
Start game at2024/4/29 19:27:12
Start game at2024/4/29 19:28:23
Start game at2024/4/29 19:30:32
Start game at2024/4/29 19:30:54
Start game at2024/4/30 21:17:11
Start game at2024/4/30 21:22:04
Start game at2024/4/30 21:53:49
Start game at2024/4/30 21:54:08
Start game at2024/4/30 21:54:36
Start game at2024/4/30 21:55:46
Start game at2024/4/30 23:09:27
Start game at2024/4/30 23:09:37
Start game at2024/5/1 0:43:47
Start game at2024/5/1 0:45:34
Start game at2024/5/1 0:47:14
Start game at2024/5/1 1:14:27
Start game at2024/5/1 14:15:37
Start game at2024/5/1 14:18:05
Start game at2024/5/1 14:19:44
Start game at2024/5/1 14:20:18
Start game at2024/5/1 14:21:41
Start game at2024/5/1 14:21:49
Start game at2024/5/1 14:22:24
Start game at2024/5/1 14:23:37
Start game at2024/5/1 14:25:09
Start game at2024/5/1 14:26:06
Start game at2024/5/1 14:26:33
Start game at2024/5/1 14:27:14
Start game at2024/5/1 14:38:28
Start game at2024/5/1 14:44:14
Start game at2024/5/1 14:46:45
Start game at2024/5/1 14:56:04
Start game at2024/5/1 15:00:27
Start game at2024/5/1 15:08:59
Start game at2024/5/1 15:12:15
Start game at2024/5/1 15:20:08
Start game at 2024/5/1 15:45:54
Start game at 2024/5/1 15:46:17
Start game at 2024/5/1 15:47:43
Start game at 2024/5/1 15:49:42
Start game at 2024/5/1 16:19:00
Start game at 2024/5/1 16:33:32
Start game at 2024/5/1 16:34:28
Start game at 2024/5/1 16:37:46
Quit game at 2024/5/1 16:38:36
Start game at 2024/5/1 16:38:43
Start game at 2024/5/1 16:40:37
Start game at 2024/5/1 16:59:56
Start game at 2024/5/1 19:10:13
Start game at 2024/5/1 19:12:46
Start game at 2024/5/1 19:19:48
Start game at 2024/5/1 19:21:57
Start game at 2024/5/1 19:25:34
Start game at 2024/5/1 19:28:10
Start game at 2024/5/1 19:33:13
Start game at 2024/5/1 19:35:23
Start game at 2024/5/1 19:39:05
Start game at 2024/5/1 19:40:17
Start game at 2024/5/1 19:42:25
Start game at 2024/5/1 19:42:33
数据未能读取: D:/unity_projects/Faded_branch/Assets/save\Bag(Clone)
System.IO.FileNotFoundException: Could not find file "D:\unity_projects\Faded_branch\Assets\save\Bag(Clone)"
File name: 'D:\unity_projects\Faded_branch\Assets\save\Bag(Clone)'
  at System.IO.FileStream..ctor (System.String path, System.IO.FileMode mode, System.IO.FileAccess access, System.IO.FileShare share, System.Int32 bufferSize, System.Boolean anonymous, System.IO.FileOptions options) [0x0019e] in <17d9ce77f27a4bd2afb5ba32c9bea976>:0 
  at System.IO.FileStream..ctor (System.String path, System.IO.FileMode mode, System.IO.FileAccess access, System.IO.FileShare share, System.Int32 bufferSize, System.IO.FileOptions options) [0x00000] in <17d9ce77f27a4bd2afb5ba32c9bea976>:0 
  at (wrapper remoting-invoke-with-check) System.IO.FileStream..ctor(string,System.IO.FileMode,System.IO.FileAccess,System.IO.FileShare,int,System.IO.FileOptions)
  at System.IO.StreamReader..ctor (System.String path, System.Text.Encoding encoding, System.Boolean detectEncodingFromByteOrderMarks, System.Int32 bufferSize) [0x00055] in <17d9ce77f27a4bd2afb5ba32c9bea976>:0 
  at System.IO.StreamReader..ctor (System.String path, System.Text.Encoding encoding, System.Boolean detectEncodingFromByteOrderMarks) [0x00000] in <17d9ce77f27a4bd2afb5ba32c9bea976>:0 
  at (wrapper remoting-invoke-with-check) System.IO.StreamReader..ctor(string,System.Text.Encoding,bool)
  at System.IO.File.InternalReadAllText (System.String path, System.Text.Encoding encoding) [0x00000] in <17d9ce77f27a4bd2afb5ba32c9bea976>:0 
  at System.IO.File.ReadAllText (System.String path) [0x0002c] in <17d9ce77f27a4bd2afb5ba32c9bea976>:0 
  at DataSystem.LoadFromJsonOverwrite[T] (System.String saveFileName, T savedData) [0x00016] in D:\unity_projects\Faded_branch\Assets\Scripts\Utils\DataSystem.cs:58 
Start game at 2024/5/1 19:44:52
Start game at 2024/5/1 19:49:26
Start game at 2024/5/1 19:49:40
数据未能读取: D:/unity_projects/Faded_branch/Assets/save\chest_town_secret_0
System.ArgumentNullException: Value cannot be null.
Parameter name: objectToOverwrite
  at UnityEngine.JsonUtility.FromJsonOverwrite (System.String json, System.Object objectToOverwrite) [0x00015] in <6b565ce484d3436b93921a8472968747>:0 
  at DataSystem.LoadFromJsonOverwrite[T] (System.String saveFileName, T savedData) [0x0001c] in D:\unity_projects\Faded_branch\Assets\Scripts\Utils\DataSystem.cs:59 
数据未能读取: D:/unity_projects/Faded_branch/Assets/save\chest_town_secret_1
System.ArgumentNullException: Value cannot be null.
Parameter name: objectToOverwrite
  at UnityEngine.JsonUtility.FromJsonOverwrite (System.String json, System.Object objectToOverwrite) [0x00015] in <6b565ce484d3436b93921a8472968747>:0 
  at DataSystem.LoadFromJsonOverwrite[T] (System.String saveFileName, T savedData) [0x0001c] in D:\unity_projects\Faded_branch\Assets\Scripts\Utils\DataSystem.cs:59 
数据未能读取: D:/unity_projects/Faded_branch/Assets/save\chest_town_secret_2
System.ArgumentNullException: Value cannot be null.
Parameter name: objectToOverwrite
  at UnityEngine.JsonUtility.FromJsonOverwrite (System.String json, System.Object objectToOverwrite) [0x00015] in <6b565ce484d3436b93921a8472968747>:0 
  at DataSystem.LoadFromJsonOverwrite[T] (System.String saveFileName, T savedData) [0x0001c] in D:\unity_projects\Faded_branch\Assets\Scripts\Utils\DataSystem.cs:59 
数据未能读取: D:/unity_projects/Faded_branch/Assets/save\chest_town_normal_0
System.ArgumentNullException: Value cannot be null.
Parameter name: objectToOverwrite
  at UnityEngine.JsonUtility.FromJsonOverwrite (System.String json, System.Object objectToOverwrite) [0x00015] in <6b565ce484d3436b93921a8472968747>:0 
  at DataSystem.LoadFromJsonOverwrite[T] (System.String saveFileName, T savedData) [0x0001c] in D:\unity_projects\Faded_branch\Assets\Scripts\Utils\DataSystem.cs:59 
数据未能读取: D:/unity_projects/Faded_branch/Assets/save\chest_home_normal_0
System.ArgumentNullException: Value cannot be null.
Parameter name: objectToOverwrite
  at UnityEngine.JsonUtility.FromJsonOverwrite (System.String json, System.Object objectToOverwrite) [0x00015] in <6b565ce484d3436b93921a8472968747>:0 
  at DataSystem.LoadFromJsonOverwrite[T] (System.String saveFileName, T savedData) [0x0001c] in D:\unity_projects\Faded_branch\Assets\Scripts\Utils\DataSystem.cs:59 
Start game at 2024/5/1 19:51:04
Start game at 2024/5/1 19:56:27
Start game at 2024/5/1 19:57:35
Start game at 2024/5/1 20:00:39
Start game at 2024/5/1 20:02:38
Start game at 2024/5/1 20:13:13
Start game at 2024/5/1 20:14:21
数据未能读取: D:/unity_projects/Faded_branch/Assets/save\chest_town_secret_0
System.ArgumentNullException: Value cannot be null.
Parameter name: objectToOverwrite
  at UnityEngine.JsonUtility.FromJsonOverwrite (System.String json, System.Object objectToOverwrite) [0x00015] in <6b565ce484d3436b93921a8472968747>:0 
  at DataSystem.LoadFromJsonOverwrite[T] (System.String saveFileName, T savedData) [0x00022] in D:\unity_projects\Faded_branch\Assets\Scripts\Utils\DataSystem.cs:60 
数据未能读取: D:/unity_projects/Faded_branch/Assets/save\chest_town_secret_1
System.ArgumentNullException: Value cannot be null.
Parameter name: objectToOverwrite
  at UnityEngine.JsonUtility.FromJsonOverwrite (System.String json, System.Object objectToOverwrite) [0x00015] in <6b565ce484d3436b93921a8472968747>:0 
  at DataSystem.LoadFromJsonOverwrite[T] (System.String saveFileName, T savedData) [0x00022] in D:\unity_projects\Faded_branch\Assets\Scripts\Utils\DataSystem.cs:60 
数据未能读取: D:/unity_projects/Faded_branch/Assets/save\chest_town_secret_2
System.ArgumentNullException: Value cannot be null.
Parameter name: objectToOverwrite
  at UnityEngine.JsonUtility.FromJsonOverwrite (System.String json, System.Object objectToOverwrite) [0x00015] in <6b565ce484d3436b93921a8472968747>:0 
  at DataSystem.LoadFromJsonOverwrite[T] (System.String saveFileName, T savedData) [0x00022] in D:\unity_projects\Faded_branch\Assets\Scripts\Utils\DataSystem.cs:60 
数据未能读取: D:/unity_projects/Faded_branch/Assets/save\chest_town_normal_0
System.ArgumentNullException: Value cannot be null.
Parameter name: objectToOverwrite
  at UnityEngine.JsonUtility.FromJsonOverwrite (System.String json, System.Object objectToOverwrite) [0x00015] in <6b565ce484d3436b93921a8472968747>:0 
  at DataSystem.LoadFromJsonOverwrite[T] (System.String saveFileName, T savedData) [0x00022] in D:\unity_projects\Faded_branch\Assets\Scripts\Utils\DataSystem.cs:60 
数据未能读取: D:/unity_projects/Faded_branch/Assets/save\chest_home_normal_0
System.ArgumentNullException: Value cannot be null.
Parameter name: objectToOverwrite
  at UnityEngine.JsonUtility.FromJsonOverwrite (System.String json, System.Object objectToOverwrite) [0x00015] in <6b565ce484d3436b93921a8472968747>:0 
  at DataSystem.LoadFromJsonOverwrite[T] (System.String saveFileName, T savedData) [0x00022] in D:\unity_projects\Faded_branch\Assets\Scripts\Utils\DataSystem.cs:60 
Start game at 2024/5/1 20:28:55
Start game at 2024/5/1 20:29:59
Start game at 2024/5/1 20:36:04
Start game at 2024/5/1 20:36:54
Start game at 2024/5/1 20:37:40
Start game at 2024/5/1 20:42:32
Start game at 2024/5/1 20:45:31
Start game at 2024/5/1 21:15:03
Start game at 2024/5/1 21:23:36
Start game at 2024/5/1 21:30:31
Start game at 2024/5/1 21:33:46
数据未能读取: D:/unity_projects/Faded_branch/Assets/save\chest_town_secret_0
System.ArgumentNullException: Value cannot be null.
Parameter name: objectToOverwrite
  at UnityEngine.JsonUtility.FromJsonOverwrite (System.String json, System.Object objectToOverwrite) [0x00015] in <6b565ce484d3436b93921a8472968747>:0 
  at DataSystem.LoadFromJsonOverwrite[T] (System.String saveFileName, T savedData) [0x0001c] in D:\unity_projects\Faded_branch\Assets\Scripts\Utils\DataSystem.cs:59 
数据未能读取: D:/unity_projects/Faded_branch/Assets/save\chest_town_secret_1
System.ArgumentNullException: Value cannot be null.
Parameter name: objectToOverwrite
  at UnityEngine.JsonUtility.FromJsonOverwrite (System.String json, System.Object objectToOverwrite) [0x00015] in <6b565ce484d3436b93921a8472968747>:0 
  at DataSystem.LoadFromJsonOverwrite[T] (System.String saveFileName, T savedData) [0x0001c] in D:\unity_projects\Faded_branch\Assets\Scripts\Utils\DataSystem.cs:59 
数据未能读取: D:/unity_projects/Faded_branch/Assets/save\chest_town_secret_2
System.ArgumentNullException: Value cannot be null.
Parameter name: objectToOverwrite
  at UnityEngine.JsonUtility.FromJsonOverwrite (System.String json, System.Object objectToOverwrite) [0x00015] in <6b565ce484d3436b93921a8472968747>:0 
  at DataSystem.LoadFromJsonOverwrite[T] (System.String saveFileName, T savedData) [0x0001c] in D:\unity_projects\Faded_branch\Assets\Scripts\Utils\DataSystem.cs:59 
数据未能读取: D:/unity_projects/Faded_branch/Assets/save\chest_town_normal_0
System.ArgumentNullException: Value cannot be null.
Parameter name: objectToOverwrite
  at UnityEngine.JsonUtility.FromJsonOverwrite (System.String json, System.Object objectToOverwrite) [0x00015] in <6b565ce484d3436b93921a8472968747>:0 
  at DataSystem.LoadFromJsonOverwrite[T] (System.String saveFileName, T savedData) [0x0001c] in D:\unity_projects\Faded_branch\Assets\Scripts\Utils\DataSystem.cs:59 
数据未能读取: D:/unity_projects/Faded_branch/Assets/save\chest_home_normal_0
System.ArgumentNullException: Value cannot be null.
Parameter name: objectToOverwrite
  at UnityEngine.JsonUtility.FromJsonOverwrite (System.String json, System.Object objectToOverwrite) [0x00015] in <6b565ce484d3436b93921a8472968747>:0 
  at DataSystem.LoadFromJsonOverwrite[T] (System.String saveFileName, T savedData) [0x0001c] in D:\unity_projects\Faded_branch\Assets\Scripts\Utils\DataSystem.cs:59 
Start game at 2024/5/1 21:34:41
Start game at 2024/5/1 21:37:24
Start game at 2024/5/1 21:38:06
Start game at 2024/5/1 21:40:00
Start game at 2024/5/1 21:41:28
Start game at 2024/5/1 21:42:29
Start game at 2024/5/1 21:44:15
Start game at 2024/5/1 21:45:05
Start game at 2024/5/1 23:42:37
Start game at 2024/5/1 23:47:14
数据未能读取: D:/unity_projects/Faded_branch/Assets/save\chest_town_secret_0
System.ArgumentNullException: Value cannot be null.
Parameter name: objectToOverwrite
  at UnityEngine.JsonUtility.FromJsonOverwrite (System.String json, System.Object objectToOverwrite) [0x00015] in <6b565ce484d3436b93921a8472968747>:0 
  at DataSystem.LoadFromJsonOverwrite[T] (System.String saveFileName, T savedData) [0x0001c] in D:\unity_projects\Faded_branch\Assets\Scripts\Utils\DataSystem.cs:59 
数据未能读取: D:/unity_projects/Faded_branch/Assets/save\chest_town_secret_1
System.ArgumentNullException: Value cannot be null.
Parameter name: objectToOverwrite
  at UnityEngine.JsonUtility.FromJsonOverwrite (System.String json, System.Object objectToOverwrite) [0x00015] in <6b565ce484d3436b93921a8472968747>:0 
  at DataSystem.LoadFromJsonOverwrite[T] (System.String saveFileName, T savedData) [0x0001c] in D:\unity_projects\Faded_branch\Assets\Scripts\Utils\DataSystem.cs:59 
数据未能读取: D:/unity_projects/Faded_branch/Assets/save\chest_town_secret_2
System.ArgumentNullException: Value cannot be null.
Parameter name: objectToOverwrite
  at UnityEngine.JsonUtility.FromJsonOverwrite (System.String json, System.Object objectToOverwrite) [0x00015] in <6b565ce484d3436b93921a8472968747>:0 
  at DataSystem.LoadFromJsonOverwrite[T] (System.String saveFileName, T savedData) [0x0001c] in D:\unity_projects\Faded_branch\Assets\Scripts\Utils\DataSystem.cs:59 
数据未能读取: D:/unity_projects/Faded_branch/Assets/save\chest_town_normal_0
System.ArgumentNullException: Value cannot be null.
Parameter name: objectToOverwrite
  at UnityEngine.JsonUtility.FromJsonOverwrite (System.String json, System.Object objectToOverwrite) [0x00015] in <6b565ce484d3436b93921a8472968747>:0 
  at DataSystem.LoadFromJsonOverwrite[T] (System.String saveFileName, T savedData) [0x0001c] in D:\unity_projects\Faded_branch\Assets\Scripts\Utils\DataSystem.cs:59 
数据未能读取: D:/unity_projects/Faded_branch/Assets/save\chest_home_normal_0
System.ArgumentNullException: Value cannot be null.
Parameter name: objectToOverwrite
  at UnityEngine.JsonUtility.FromJsonOverwrite (System.String json, System.Object objectToOverwrite) [0x00015] in <6b565ce484d3436b93921a8472968747>:0 
  at DataSystem.LoadFromJsonOverwrite[T] (System.String saveFileName, T savedData) [0x0001c] in D:\unity_projects\Faded_branch\Assets\Scripts\Utils\DataSystem.cs:59 
Start game at 2024/5/1 23:49:48
Start game at 2024/5/2 0:14:31
Start game at 2024/5/2 0:36:50
Start game at 2024/5/2 0:41:07
Start game at 2024/5/2 0:45:04
Start game at 2024/5/2 0:58:31
Start game at 2024/5/2 1:07:46
Start game at 2024/5/2 1:10:11
数据未能读取: D:/unity_projects/Faded_branch/Assets/save\chest_town_secret_0
System.ArgumentNullException: Value cannot be null.
Parameter name: objectToOverwrite
  at UnityEngine.JsonUtility.FromJsonOverwrite (System.String json, System.Object objectToOverwrite) [0x00015] in <6b565ce484d3436b93921a8472968747>:0 
  at DataSystem.LoadFromJsonOverwrite[T] (System.String saveFileName, T savedData) [0x0001c] in D:\unity_projects\Faded_branch\Assets\Scripts\Utils\DataSystem.cs:59 
数据未能读取: D:/unity_projects/Faded_branch/Assets/save\chest_town_secret_1
System.ArgumentNullException: Value cannot be null.
Parameter name: objectToOverwrite
  at UnityEngine.JsonUtility.FromJsonOverwrite (System.String json, System.Object objectToOverwrite) [0x00015] in <6b565ce484d3436b93921a8472968747>:0 
  at DataSystem.LoadFromJsonOverwrite[T] (System.String saveFileName, T savedData) [0x0001c] in D:\unity_projects\Faded_branch\Assets\Scripts\Utils\DataSystem.cs:59 
数据未能读取: D:/unity_projects/Faded_branch/Assets/save\chest_town_secret_2
System.ArgumentNullException: Value cannot be null.
Parameter name: objectToOverwrite
  at UnityEngine.JsonUtility.FromJsonOverwrite (System.String json, System.Object objectToOverwrite) [0x00015] in <6b565ce484d3436b93921a8472968747>:0 
  at DataSystem.LoadFromJsonOverwrite[T] (System.String saveFileName, T savedData) [0x0001c] in D:\unity_projects\Faded_branch\Assets\Scripts\Utils\DataSystem.cs:59 
数据未能读取: D:/unity_projects/Faded_branch/Assets/save\chest_town_normal_0
System.ArgumentNullException: Value cannot be null.
Parameter name: objectToOverwrite
  at UnityEngine.JsonUtility.FromJsonOverwrite (System.String json, System.Object objectToOverwrite) [0x00015] in <6b565ce484d3436b93921a8472968747>:0 
  at DataSystem.LoadFromJsonOverwrite[T] (System.String saveFileName, T savedData) [0x0001c] in D:\unity_projects\Faded_branch\Assets\Scripts\Utils\DataSystem.cs:59 
数据未能读取: D:/unity_projects/Faded_branch/Assets/save\chest_home_normal_0
System.ArgumentNullException: Value cannot be null.
Parameter name: objectToOverwrite
  at UnityEngine.JsonUtility.FromJsonOverwrite (System.String json, System.Object objectToOverwrite) [0x00015] in <6b565ce484d3436b93921a8472968747>:0 
  at DataSystem.LoadFromJsonOverwrite[T] (System.String saveFileName, T savedData) [0x0001c] in D:\unity_projects\Faded_branch\Assets\Scripts\Utils\DataSystem.cs:59 
